<?xml version="1.0" encoding="UTF-8"?>
<testng-results ignored="0" total="1" passed="1" failed="0" skipped="0">
  <reporter-output>
  </reporter-output>
  <suite started-at="2023-06-15T21:58:13 IST" name="Default suite" finished-at="2023-06-15T21:59:22 IST" duration-ms="68921">
    <groups>
    </groups>
    <test started-at="2023-06-15T21:58:13 IST" name="Default test" finished-at="2023-06-15T21:59:22 IST" duration-ms="68921">
      <class name="Testscripts.Testscripts">
        <test-method is-config="true" signature="Setup()[pri:0, instance:Testscripts.Testscripts@57af006c]" started-at="2023-06-15T21:58:13 IST" name="Setup" finished-at="2023-06-15T21:58:22 IST" duration-ms="9252" status="PASS">
          <reporter-output>
          </reporter-output>
        </test-method> <!-- Setup -->
        <test-method signature="Script()[pri:0, instance:Testscripts.Testscripts@57af006c]" started-at="2023-06-15T21:58:22 IST" name="Script" finished-at="2023-06-15T21:59:21 IST" duration-ms="58478" status="PASS">
          <reporter-output>
          </reporter-output>
        </test-method> <!-- Script -->
        <test-method is-config="true" signature="Close()[pri:0, instance:Testscripts.Testscripts@57af006c]" started-at="2023-06-15T21:59:21 IST" name="Close" finished-at="2023-06-15T21:59:22 IST" duration-ms="1120" status="PASS">
          <reporter-output>
          </reporter-output>
        </test-method> <!-- Close -->
      </class> <!-- Testscripts.Testscripts -->
    </test> <!-- Default test -->
  </suite> <!-- Default suite -->
</testng-results>
